c:\users\legion\desktop\knockdown\knockdown\knockdown\x64\release\vc143.pdb
c:\users\legion\desktop\knockdown\knockdown\knockdown\x64\release\setting.obj
c:\users\legion\desktop\knockdown\knockdown\knockdown\x64\release\player.obj
c:\users\legion\desktop\knockdown\knockdown\knockdown\x64\release\member.obj
c:\users\legion\desktop\knockdown\knockdown\knockdown\x64\release\mainmenu.obj
c:\users\legion\desktop\knockdown\knockdown\knockdown\x64\release\knockdown.obj
c:\users\legion\desktop\knockdown\knockdown\knockdown\x64\release\gameset.obj
c:\users\legion\desktop\knockdown\knockdown\knockdown\x64\release\enemy.obj
c:\users\legion\desktop\knockdown\knockdown\knockdown\x64\release\endding.obj
c:\users\legion\desktop\knockdown\knockdown\x64\release\knockdown.exe
c:\users\legion\desktop\knockdown\knockdown\x64\release\knockdown.pdb
c:\users\legion\desktop\knockdown\knockdown\knockdown\x64\release\knockdown.ipdb
c:\users\legion\desktop\knockdown\knockdown\knockdown\x64\release\knockdown.iobj
c:\users\legion\desktop\knockdown\knockdown\knockdown\x64\release\knockdown.tlog\cl.command.1.tlog
c:\users\legion\desktop\knockdown\knockdown\knockdown\x64\release\knockdown.tlog\cl.items.tlog
c:\users\legion\desktop\knockdown\knockdown\knockdown\x64\release\knockdown.tlog\cl.read.1.tlog
c:\users\legion\desktop\knockdown\knockdown\knockdown\x64\release\knockdown.tlog\cl.write.1.tlog
c:\users\legion\desktop\knockdown\knockdown\knockdown\x64\release\knockdown.tlog\link.command.1.tlog
c:\users\legion\desktop\knockdown\knockdown\knockdown\x64\release\knockdown.tlog\link.read.1.tlog
c:\users\legion\desktop\knockdown\knockdown\knockdown\x64\release\knockdown.tlog\link.secondary.1.tlog
c:\users\legion\desktop\knockdown\knockdown\knockdown\x64\release\knockdown.tlog\link.write.1.tlog
